23:41:47.749 [main] INFO  testCases.TC001_AccountRegistrationTest = Providing Customer Details
23:41:49.480 [main] INFO  testCases.TC001_AccountRegistrationTest = Validating Expected Message...
23:41:49.511 [main] INFO  testCases.TC001_AccountRegistrationTest = Validating Expected Message...
23:41:49.516 [main] INFO  testCases.TC001_AccountRegistrationTest = ***** Finished TC001_AccountRegistrationTest *****
23:41:49.538 [main] INFO  testCases.TC001_AccountRegistrationTest = ***** Finished TC001_AccountRegistrationTest *****
23:41:56.068 [main] INFO  testCases.TC001_AccountRegistrationTest = ***** Starting TC001_AccountRegistrationTest *****
23:41:56.149 [main] INFO  testCases.TC001_AccountRegistrationTest = Clicked on My Account Link
23:41:57.000 [main] INFO  testCases.TC001_AccountRegistrationTest = Clicked on Register Link
23:41:57.001 [main] INFO  testCases.TC001_AccountRegistrationTest = Providing Customer Details
23:41:58.622 [main] INFO  testCases.TC001_AccountRegistrationTest = Validating Expected Message...
23:41:58.655 [main] INFO  testCases.TC001_AccountRegistrationTest = ***** Finished TC001_AccountRegistrationTest *****
23:42:11.147 [main] DEBUG org.testng.TestNG = suiteXmlPath: "C:\Workspace\Selenium\Opencart121\crossbrowsertesting.xml"
23:42:11.450 [main] INFO  org.testng.internal.Utils = [TestNG] Running:
  C:\Workspace\Selenium\Opencart121\crossbrowsertesting.xml

23:42:15.679 [main] INFO  testCases.TC001_AccountRegistrationTest = ***** Starting TC001_AccountRegistrationTest *****
23:42:15.777 [main] INFO  testCases.TC001_AccountRegistrationTest = Clicked on My Account Link
23:42:16.565 [main] INFO  testCases.TC001_AccountRegistrationTest = Clicked on Register Link
23:42:16.569 [main] INFO  testCases.TC001_AccountRegistrationTest = Providing Customer Details
23:42:18.133 [main] INFO  testCases.TC001_AccountRegistrationTest = Validating Expected Message...
23:42:18.165 [main] INFO  testCases.TC001_AccountRegistrationTest = ***** Finished TC001_AccountRegistrationTest *****
23:42:24.836 [main] INFO  testCases.TC001_AccountRegistrationTest = ***** Starting TC001_AccountRegistrationTest *****
23:42:25.110 [main] INFO  testCases.TC001_AccountRegistrationTest = Clicked on My Account Link
23:42:25.938 [main] INFO  testCases.TC001_AccountRegistrationTest = Clicked on Register Link
23:42:25.938 [main] INFO  testCases.TC001_AccountRegistrationTest = Providing Customer Details
23:42:27.489 [main] INFO  testCases.TC001_AccountRegistrationTest = Validating Expected Message...
23:42:27.535 [main] INFO  testCases.TC001_AccountRegistrationTest = ***** Finished TC001_AccountRegistrationTest *****
23:42:34.477 [main] INFO  testCases.TC001_AccountRegistrationTest = ***** Starting TC001_AccountRegistrationTest *****
23:42:34.550 [main] INFO  testCases.TC001_AccountRegistrationTest = Clicked on My Account Link
23:42:35.383 [main] INFO  testCases.TC001_AccountRegistrationTest = Clicked on Register Link
23:42:35.384 [main] INFO  testCases.TC001_AccountRegistrationTest = Providing Customer Details
23:42:36.999 [main] INFO  testCases.TC001_AccountRegistrationTest = Validating Expected Message...
23:42:37.031 [main] INFO  testCases.TC001_AccountRegistrationTest = ***** Finished TC001_AccountRegistrationTest *****
23:43:30.013 [main] DEBUG org.testng.TestNG = suiteXmlPath: "C:\Workspace\Selenium\Opencart121\crossbrowsertesting.xml"
23:43:30.316 [main] INFO  org.testng.internal.Utils = [TestNG] Running:
  C:\Workspace\Selenium\Opencart121\crossbrowsertesting.xml

23:43:35.650 [TestNG-tests-1] INFO  testCases.TC001_AccountRegistrationTest = ***** Starting TC001_AccountRegistrationTest *****
23:43:35.752 [TestNG-tests-1] INFO  testCases.TC001_AccountRegistrationTest = Clicked on My Account Link
23:43:37.170 [TestNG-tests-1] INFO  testCases.TC001_AccountRegistrationTest = Clicked on Register Link
23:43:37.172 [TestNG-tests-1] INFO  testCases.TC001_AccountRegistrationTest = Providing Customer Details
23:43:37.814 [TestNG-tests-3] INFO  testCases.TC001_AccountRegistrationTest = ***** Starting TC001_AccountRegistrationTest *****
23:43:37.911 [TestNG-tests-3] INFO  testCases.TC001_AccountRegistrationTest = Clicked on My Account Link
23:43:38.820 [TestNG-tests-2] INFO  testCases.TC001_AccountRegistrationTest = ***** Starting TC001_AccountRegistrationTest *****
23:43:39.074 [TestNG-tests-2] INFO  testCases.TC001_AccountRegistrationTest = Clicked on My Account Link
23:43:39.180 [TestNG-tests-3] INFO  testCases.TC001_AccountRegistrationTest = Clicked on Register Link
23:43:39.180 [TestNG-tests-3] INFO  testCases.TC001_AccountRegistrationTest = Providing Customer Details
23:43:39.755 [TestNG-tests-1] INFO  testCases.TC001_AccountRegistrationTest = Validating Expected Message...
23:43:39.799 [TestNG-tests-1] INFO  testCases.TC001_AccountRegistrationTest = ***** Finished TC001_AccountRegistrationTest *****
23:43:40.354 [TestNG-tests-2] INFO  testCases.TC001_AccountRegistrationTest = Clicked on Register Link
