22:52:05.472 [main] INFO  org.testng.internal.Utils = [TestNG] Running:
  C:\Workspace\Selenium\Opencart121\docker.xml

22:52:10.514 [main] INFO  testCases.TC001_AccountRegistrationTest = ***** Starting TC001_AccountRegistrationTest *****
22:52:10.648 [main] INFO  testCases.TC001_AccountRegistrationTest = Clicked on My Account Link
22:52:11.690 [main] INFO  testCases.TC001_AccountRegistrationTest = Clicked on Register Link
22:52:11.693 [main] INFO  testCases.TC001_AccountRegistrationTest = Providing Customer Details
22:52:13.303 [main] INFO  testCases.TC001_AccountRegistrationTest = Validating Expected Message...
22:52:13.364 [main] INFO  testCases.TC001_AccountRegistrationTest = ***** Finished TC001_AccountRegistrationTest *****
22:54:08.996 [main] DEBUG org.testng.TestNG = suiteXmlPath: "C:\Workspace\Selenium\Opencart121\docker.xml"
22:54:09.356 [main] INFO  org.testng.internal.Utils = [TestNG] Running:
  C:\Workspace\Selenium\Opencart121\docker.xml

22:56:57.646 [main] DEBUG org.testng.TestNG = suiteXmlPath: "C:\Workspace\Selenium\Opencart121\docker.xml"
22:56:58.081 [main] INFO  org.testng.internal.Utils = [TestNG] Running:
  C:\Workspace\Selenium\Opencart121\docker.xml

22:57:04.399 [main] INFO  testCases.TC001_AccountRegistrationTest = ***** Starting TC001_AccountRegistrationTest *****
22:57:04.537 [main] INFO  testCases.TC001_AccountRegistrationTest = Clicked on My Account Link
22:57:05.445 [main] INFO  testCases.TC001_AccountRegistrationTest = Clicked on Register Link
22:57:05.448 [main] INFO  testCases.TC001_AccountRegistrationTest = Providing Customer Details
22:57:07.171 [main] INFO  testCases.TC001_AccountRegistrationTest = Validating Expected Message...
22:57:07.234 [main] INFO  testCases.TC001_AccountRegistrationTest = ***** Finished TC001_AccountRegistrationTest *****
23:01:54.454 [main] DEBUG org.testng.TestNG = suiteXmlPath: "C:\Workspace\Selenium\Opencart121\docker.xml"
23:01:54.791 [main] INFO  org.testng.internal.Utils = [TestNG] Running:
  C:\Workspace\Selenium\Opencart121\docker.xml

23:02:30.554 [main] DEBUG org.testng.TestNG = suiteXmlPath: "C:\Workspace\Selenium\Opencart121\docker.xml"
23:02:31.005 [main] INFO  org.testng.internal.Utils = [TestNG] Running:
  C:\Workspace\Selenium\Opencart121\docker.xml

23:02:37.056 [main] INFO  testCases.TC001_AccountRegistrationTest = ***** Starting TC001_AccountRegistrationTest *****
23:02:37.243 [main] INFO  testCases.TC001_AccountRegistrationTest = Clicked on My Account Link
23:02:38.001 [main] INFO  testCases.TC001_AccountRegistrationTest = Clicked on Register Link
23:02:38.007 [main] INFO  testCases.TC001_AccountRegistrationTest = Providing Customer Details
23:02:39.692 [main] INFO  testCases.TC001_AccountRegistrationTest = Validating Expected Message...
23:02:39.772 [main] INFO  testCases.TC001_AccountRegistrationTest = ***** Finished TC001_AccountRegistrationTest *****
23:03:22.471 [main] DEBUG org.testng.TestNG = suiteXmlPath: "C:\Workspace\Selenium\Opencart121\docker.xml"
23:03:22.938 [main] INFO  org.testng.internal.Utils = [TestNG] Running:
  C:\Workspace\Selenium\Opencart121\docker.xml

23:04:34.089 [main] DEBUG org.testng.TestNG = suiteXmlPath: "C:\Workspace\Selenium\Opencart121\docker.xml"
23:04:34.436 [main] INFO  org.testng.internal.Utils = [TestNG] Running:
  C:\Workspace\Selenium\Opencart121\docker.xml

23:04:38.684 [main] INFO  testCases.TC001_AccountRegistrationTest = ***** Starting TC001_AccountRegistrationTest *****
23:04:38.841 [main] INFO  testCases.TC001_AccountRegistrationTest = Clicked on My Account Link
23:04:39.875 [main] INFO  testCases.TC001_AccountRegistrationTest = Clicked on Register Link
23:04:39.878 [main] INFO  testCases.TC001_AccountRegistrationTest = Providing Customer Details
23:04:41.618 [main] INFO  testCases.TC001_AccountRegistrationTest = Validating Expected Message...
23:04:41.709 [main] INFO  testCases.TC001_AccountRegistrationTest = ***** Finished TC001_AccountRegistrationTest *****
23:09:24.495 [main] DEBUG org.testng.TestNG = suiteXmlPath: "C:\Workspace\Selenium\Opencart121\docker.xml"
23:09:24.863 [main] INFO  org.testng.internal.Utils = [TestNG] Running:
  C:\Workspace\Selenium\Opencart121\docker.xml

23:09:28.993 [main] INFO  testCases.TC002_LoginTest = ***** Starting TC001_LoginTest *****
23:09:30.802 [main] INFO  testCases.TC002_LoginTest = ***** Finished TC001_LoginTest *****
23:10:20.615 [main] DEBUG org.testng.TestNG = suiteXmlPath: "C:\Workspace\Selenium\Opencart121\docker.xml"
23:10:20.968 [main] INFO  org.testng.internal.Utils = [TestNG] Running:
  C:\Workspace\Selenium\Opencart121\docker.xml

23:12:17.481 [main] DEBUG org.testng.TestNG = suiteXmlPath: "C:\Workspace\Selenium\Opencart121\docker.xml"
23:12:17.836 [main] INFO  org.testng.internal.Utils = [TestNG] Running:
  C:\Workspace\Selenium\Opencart121\docker.xml

23:12:21.990 [main] INFO  testCases.TC002_LoginTest = ***** Starting TC001_LoginTest *****
23:12:23.793 [main] INFO  testCases.TC002_LoginTest = ***** Finished TC001_LoginTest *****
